<?xml version="1.0" encoding="UTF-8"?>
<!-- Generated by org.testng.reporters.JUnitXMLReporter -->
<testsuite ignored="11" hostname="LAPTOP-T22UOKH9" failures="0" tests="1" name="Default test" time="4.925" errors="0" timestamp="2024-06-01T13:25:26 IST">
  <testcase classname="Restassured.Dummyjson" name="Deleteaproduct" time="4.83"/>
  <testcase classname="Restassured.Dummyjson" name="Limitandskipproducts" time="0.0">
    <ignored/>
  </testcase> <!-- Limitandskipproducts -->
  <testcase classname="Restassured.Dummyjson" name="Getproductsbyacategory" time="0.0">
    <ignored/>
  </testcase> <!-- Getproductsbyacategory -->
  <testcase classname="Restassured.Dummyjson" name="GetasingleProduct" time="0.0">
    <ignored/>
  </testcase> <!-- GetasingleProduct -->
  <testcase classname="Restassured.Dummyjson" name="SearchProduct" time="0.0">
    <ignored/>
  </testcase> <!-- SearchProduct -->
  <testcase classname="Restassured.Dummyjson" name="Updateaproduct" time="0.0">
    <ignored/>
  </testcase> <!-- Updateaproduct -->
  <testcase classname="Restassured.Dummyjson" name="Getproductscategorylist" time="0.0">
    <ignored/>
  </testcase> <!-- Getproductscategorylist -->
  <testcase classname="Restassured.Dummyjson" name="LoginandGetToken" time="0.0">
    <ignored/>
  </testcase> <!-- LoginandGetToken -->
  <testcase classname="Restassured.Dummyjson" name="Getallproductscategories" time="0.0">
    <ignored/>
  </testcase> <!-- Getallproductscategories -->
  <testcase classname="Restassured.Dummyjson" name="Getallproducts" time="0.0">
    <ignored/>
  </testcase> <!-- Getallproducts -->
  <testcase classname="Restassured.Dummyjson" name="Sortproducts" time="0.0">
    <ignored/>
  </testcase> <!-- Sortproducts -->
  <testcase classname="Restassured.Dummyjson" name="addanewaproduct" time="0.0">
    <ignored/>
  </testcase> <!-- addanewaproduct -->
</testsuite> <!-- Default test -->
