<?xml version="1.0" encoding="UTF-8"?>
<testng-results ignored="11" total="12" passed="1" failed="0" skipped="0">
  <reporter-output>
  </reporter-output>
  <suite started-at="2024-06-01T13:25:21 IST" name="Default suite" finished-at="2024-06-01T13:25:26 IST" duration-ms="4925">
    <groups>
    </groups>
    <test started-at="2024-06-01T13:25:21 IST" name="Default test" finished-at="2024-06-01T13:25:26 IST" duration-ms="4925">
      <class name="Restassured.Dummyjson">
        <test-method signature="Deleteaproduct()[pri:0, instance:Restassured.Dummyjson@1e1a0406]" started-at="2024-06-01T13:25:21 IST" name="Deleteaproduct" finished-at="2024-06-01T13:25:26 IST" duration-ms="4830" status="PASS">
          <reporter-output>
          </reporter-output>
        </test-method> <!-- Deleteaproduct -->
      </class> <!-- Restassured.Dummyjson -->
    </test> <!-- Default test -->
  </suite> <!-- Default suite -->
</testng-results>
